<?xml version="1.0" encoding="UTF-8"?>
<testsuite name="com.example.crudapp.CrudappApplicationTests" tests="1" skipped="0" failures="0" errors="0" timestamp="2026-04-01T19:07:11.982Z" hostname="DESKTOP-S8CHQJC" time="12.026">
  <properties/>
  <testcase name="contextLoads()" classname="com.example.crudapp.CrudappApplicationTests" time="0.709"/>
  <system-out><![CDATA[00:37:12.452 [Test worker] INFO org.springframework.test.context.support.AnnotationConfigContextLoaderUtils -- Could not detect default configuration classes for test class [com.example.crudapp.CrudappApplicationTests]: CrudappApplicationTests does not declare any static, non-private, non-final, nested classes annotated with @Configuration.
00:37:12.783 [Test worker] INFO org.springframework.boot.test.context.SpringBootTestContextBootstrapper -- Found @SpringBootConfiguration com.example.crudapp.CrudappApplication for test class com.example.crudapp.CrudappApplicationTests
00:37:13.106 [Test worker] INFO org.springframework.test.context.support.AnnotationConfigContextLoaderUtils -- Could not detect default configuration classes for test class [com.example.crudapp.CrudappApplicationTests]: CrudappApplicationTests does not declare any static, non-private, non-final, nested classes annotated with @Configuration.
00:37:13.109 [Test worker] INFO org.springframework.boot.test.context.SpringBootTestContextBootstrapper -- Found @SpringBootConfiguration com.example.crudapp.CrudappApplication for test class com.example.crudapp.CrudappApplicationTests

  .   ____          _            __ _ _
 /\\ / ___'_ __ _ _(_)_ __  __ _ \ \ \ \
( ( )\___ | '_ | '_| | '_ \/ _` | \ \ \ \
 \\/  ___)| |_)| | | | | || (_| |  ) ) ) )
  '  |____| .__|_| |_|_| |_\__, | / / / /
 =========|_|==============|___/=/_/_/_/

 :: Spring Boot ::                (v4.0.5)

2026-04-02T00:37:14.025+05:30  INFO 8956 --- [crudapp] [    Test worker] c.e.crudapp.CrudappApplicationTests      : Starting CrudappApplicationTests using Java 17.0.18 with PID 8956 (started by LENOVO in C:\crudapp-eclipse\crudapp)
2026-04-02T00:37:14.031+05:30  INFO 8956 --- [crudapp] [    Test worker] c.e.crudapp.CrudappApplicationTests      : No active profile set, falling back to 1 default profile: "default"
2026-04-02T00:37:15.735+05:30  INFO 8956 --- [crudapp] [    Test worker] .s.d.r.c.RepositoryConfigurationDelegate : Bootstrapping Spring Data JPA repositories in DEFAULT mode.
2026-04-02T00:37:15.848+05:30  INFO 8956 --- [crudapp] [    Test worker] .s.d.r.c.RepositoryConfigurationDelegate : Finished Spring Data repository scanning in 85 ms. Found 1 JPA repository interface.
2026-04-02T00:37:16.910+05:30  INFO 8956 --- [crudapp] [    Test worker] org.hibernate.orm.jpa                    : HHH008540: Processing PersistenceUnitInfo [name: default]
2026-04-02T00:37:17.040+05:30  INFO 8956 --- [crudapp] [    Test worker] org.hibernate.orm.core                   : HHH000001: Hibernate ORM core version 7.2.7.Final
2026-04-02T00:37:18.443+05:30  INFO 8956 --- [crudapp] [    Test worker] o.s.o.j.p.SpringPersistenceUnitInfo      : No LoadTimeWeaver setup: ignoring JPA class transformer
2026-04-02T00:37:18.504+05:30  INFO 8956 --- [crudapp] [    Test worker] com.zaxxer.hikari.HikariDataSource       : HikariPool-1 - Starting...
2026-04-02T00:37:18.761+05:30  INFO 8956 --- [crudapp] [    Test worker] com.zaxxer.hikari.pool.HikariPool        : HikariPool-1 - Added connection conn0: url=jdbc:h2:mem:testdb user=SA
2026-04-02T00:37:18.764+05:30  INFO 8956 --- [crudapp] [    Test worker] com.zaxxer.hikari.HikariDataSource       : HikariPool-1 - Start completed.
2026-04-02T00:37:18.886+05:30  INFO 8956 --- [crudapp] [    Test worker] org.hibernate.orm.connections.pooling    : HHH10001005: Database info:
	Database JDBC URL [jdbc:h2:mem:testdb]
	Database driver: H2 JDBC Driver
	Database dialect: H2Dialect
	Database version: 2.4.240
	Default catalog/schema: TESTDB/PUBLIC
	Autocommit mode: undefined/unknown
	Isolation level: READ_COMMITTED [default READ_COMMITTED]
	JDBC fetch size: 100
	Pool: DataSourceConnectionProvider
	Minimum pool size: undefined/unknown
	Maximum pool size: undefined/unknown
2026-04-02T00:37:20.945+05:30  INFO 8956 --- [crudapp] [    Test worker] org.hibernate.orm.core                   : HHH000489: No JTA platform available (set 'hibernate.transaction.jta.platform' to enable JTA platform integration)
2026-04-02T00:37:21.071+05:30  INFO 8956 --- [crudapp] [    Test worker] j.LocalContainerEntityManagerFactoryBean : Initialized JPA EntityManagerFactory for persistence unit 'default'
2026-04-02T00:37:21.258+05:30  INFO 8956 --- [crudapp] [    Test worker] o.s.d.j.r.query.QueryEnhancerFactories   : Hibernate is in classpath; If applicable, HQL parser will be used.
2026-04-02T00:37:21.739+05:30  WARN 8956 --- [crudapp] [    Test worker] JpaBaseConfiguration$JpaWebConfiguration : spring.jpa.open-in-view is enabled by default. Therefore, database queries may be performed during view rendering. Explicitly configure spring.jpa.open-in-view to disable this warning
2026-04-02T00:37:21.979+05:30  WARN 8956 --- [crudapp] [    Test worker] .s.a.UserDetailsServiceAutoConfiguration : 

Using generated security password: 40787381-1c16-4fcd-87f2-f43fd123e18b

This generated password is for development use only. Your security configuration must be updated before running your application in production.

2026-04-02T00:37:21.998+05:30  INFO 8956 --- [crudapp] [    Test worker] r$InitializeUserDetailsManagerConfigurer : Global AuthenticationManager configured with UserDetailsService bean with name inMemoryUserDetailsManager
2026-04-02T00:37:22.414+05:30  INFO 8956 --- [crudapp] [    Test worker] o.s.v.b.OptionalValidatorFactoryBean     : Failed to set up a Bean Validation provider: jakarta.validation.NoProviderFoundException: Unable to create a Configuration, because no Jakarta Validation provider could be found. Add a provider like Hibernate Validator (RI) to your classpath.
2026-04-02T00:37:23.011+05:30  INFO 8956 --- [crudapp] [    Test worker] o.s.b.h.a.H2ConsoleAutoConfiguration     : H2 console available at '/h2-console'. Database available at 'jdbc:h2:mem:testdb'
2026-04-02T00:37:23.272+05:30  INFO 8956 --- [crudapp] [    Test worker] c.e.crudapp.CrudappApplicationTests      : Started CrudappApplicationTests in 10.005 seconds (process running for 13.57)
]]></system-out>
  <system-err><![CDATA[]]></system-err>
</testsuite>
